d:\repos\chaos\homework12\x64\release\vc143.pdb
d:\repos\chaos\homework12\x64\release\vec3.obj
d:\repos\chaos\homework12\x64\release\triangle.obj
d:\repos\chaos\homework12\x64\release\texture.obj
d:\repos\chaos\homework12\x64\release\scene.obj
d:\repos\chaos\homework12\x64\release\ray.obj
d:\repos\chaos\homework12\x64\release\mesh.obj
d:\repos\chaos\homework12\x64\release\matrix.obj
d:\repos\chaos\homework12\x64\release\math.obj
d:\repos\chaos\homework12\x64\release\material.obj
d:\repos\chaos\homework12\x64\release\mainprogram.obj
d:\repos\chaos\homework12\x64\release\light.obj
d:\repos\chaos\homework12\x64\release\intersectiondata.obj
d:\repos\chaos\homework12\x64\release\camera.obj
d:\repos\chaos\homework10\x64\release\homework12.exe
d:\repos\chaos\homework12\x64\release\homework12.ipdb
d:\repos\chaos\homework10\x64\release\homework12.pdb
d:\repos\chaos\homework12\x64\release\homework12.iobj
d:\repos\chaos\homework12\x64\release\homework12.tlog\cl.command.1.tlog
d:\repos\chaos\homework12\x64\release\homework12.tlog\cl.items.tlog
d:\repos\chaos\homework12\x64\release\homework12.tlog\cl.read.1.tlog
d:\repos\chaos\homework12\x64\release\homework12.tlog\cl.write.1.tlog
d:\repos\chaos\homework12\x64\release\homework12.tlog\link.command.1.tlog
d:\repos\chaos\homework12\x64\release\homework12.tlog\link.read.1.tlog
d:\repos\chaos\homework12\x64\release\homework12.tlog\link.write.1.tlog
