C:\Program Files\Microsoft Visual Studio\2022\Community\MSBuild\Microsoft\VC\v170\Microsoft.CppBuild.targets(531,5): warning MSB8028: The intermediate directory (x64\Debug\) contains files shared from another project (Homework100.vcxproj).  This can lead to incorrect clean and rebuild behavior.
  MainProgram.cpp
D:\repos\Chaos\Homework10\MainProgram.cpp(7,27): warning C4305: 'initializing': truncation from 'double' to 'float'
D:\repos\Chaos\Homework10\MainProgram.cpp(8,31): warning C4305: 'initializing': truncation from 'double' to 'float'
D:\repos\Chaos\Homework10\MainProgram.cpp(47,30): warning C4018: '<': signed/unsigned mismatch
D:\repos\Chaos\Homework10\MainProgram.cpp(76,31): warning C4018: '<': signed/unsigned mismatch
D:\repos\Chaos\Homework10\MainProgram.cpp(95,35): warning C4018: '<': signed/unsigned mismatch
D:\repos\Chaos\Homework10\MainProgram.cpp(195,10): warning C4244: 'initializing': conversion from 'double' to 'float', possible loss of data
D:\repos\Chaos\Homework10\MainProgram.cpp(196,10): warning C4244: 'initializing': conversion from 'double' to 'float', possible loss of data
D:\repos\Chaos\Homework10\MainProgram.cpp(201,16): warning C4244: '=': conversion from 'double' to 'float', possible loss of data
D:\repos\Chaos\Homework10\MainProgram.cpp(202,10): warning C4244: '=': conversion from 'double' to 'float', possible loss of data
D:\repos\Chaos\Homework10\MainProgram.cpp(272,12): warning C4244: 'initializing': conversion from 'double' to 'float', possible loss of data
D:\repos\Chaos\Homework10\MainProgram.cpp(532,24): warning C4018: '<': signed/unsigned mismatch
D:\repos\Chaos\Homework10\MainProgram.cpp(569,70): warning C4267: 'argument': conversion from 'size_t' to 'int', possible loss of data
  Mesh.cpp
D:\repos\Chaos\Homework10\Mesh.cpp(66,78): warning C4244: 'argument': conversion from 'unsigned __int64' to 'const float', possible loss of data
D:\repos\Chaos\Homework10\Mesh.cpp(71,78): warning C4244: 'argument': conversion from 'unsigned __int64' to 'const float', possible loss of data
D:\repos\Chaos\Homework10\Mesh.cpp(76,78): warning C4244: 'argument': conversion from 'unsigned __int64' to 'const float', possible loss of data
  Generating Code...
  Homework100.vcxproj -> D:\repos\Chaos\Homework10\x64\Debug\Homework10.exe
